2023-11-05 22:09:17.258 [info] update#setState disabled
2023-11-05 22:09:17.259 [info] update#ctor - updates are disabled as there is no update URL
2023-11-05 22:11:34.602 [error] [storage state.vscdb] prepare(): Error: SQLITE_READONLY_DBMOVED: attempt to write a readonly database (INSERT INTO ItemTable VALUES (?,?)). Details: Keys: workbench.editor.languageDetectionOpenedLanguages.global Length: 208
2023-11-05 22:12:54.712 [error] [storage state.vscdb] prepare(): Error: SQLITE_READONLY_DBMOVED: attempt to write a readonly database (INSERT INTO ItemTable VALUES (?,?)). Details: Keys: workbench.editor.languageDetectionOpenedLanguages.global Length: 208
2023-11-05 22:13:43.416 [error] [storage state.vscdb] prepare(): Error: SQLITE_READONLY_DBMOVED: attempt to write a readonly database (INSERT INTO ItemTable VALUES (?,?)). Details: Keys: workbench.editor.languageDetectionOpenedLanguages.global Length: 208
2023-11-05 22:15:22.437 [error] [storage state.vscdb] prepare(): Error: SQLITE_READONLY_DBMOVED: attempt to write a readonly database (INSERT INTO ItemTable VALUES (?,?),(?,?),(?,?),(?,?)). Details: Keys: __$__targetStorageMarker, workbench.activity.placeholderViewlets, workbench.activity.pinnedViewlets2, memento/notebookEditors Length: 4670
2023-11-05 22:15:22.497 [error] [storage state.vscdb] prepare(): Error: SQLITE_READONLY_DBMOVED: attempt to write a readonly database (DELETE FROM ItemTable WHERE key IN (?)). Details: Keys: editorOverrideService.cache
2023-11-05 22:15:22.869 [error] [storage state.vscdb] prepare(): Error: SQLITE_READONLY_DBMOVED: attempt to write a readonly database (INSERT INTO ItemTable VALUES (?,?),(?,?),(?,?),(?,?)). Details: Keys: workbench.activity.pinnedViewlets2, workbench.activity.placeholderViewlets, memento/notebookEditors, workbench.panel.pinnedPanels Length: 4058
2023-11-05 22:15:23.138 [error] [storage state.vscdb] prepare(): Error: SQLITE_READONLY_DBMOVED: attempt to write a readonly database (INSERT INTO ItemTable VALUES (?,?),(?,?)). Details: Keys: workbench.panel.pinnedPanels, workbench.statusbar.hidden Length: 1382
2023-11-05 22:15:23.399 [error] [storage state.vscdb] prepare(): Error: SQLITE_READONLY_DBMOVED: attempt to write a readonly database (INSERT INTO ItemTable VALUES (?,?)). Details: Keys: workbench.panel.pinnedPanels Length: 620
2023-11-05 22:15:23.598 [error] [storage state.vscdb] prepare(): Error: SQLITE_READONLY_DBMOVED: attempt to write a readonly database (INSERT INTO ItemTable VALUES (?,?),(?,?)). Details: Keys: __$__targetStorageMarker, editorOverrideService.cache Length: 2168
2023-11-05 22:15:24.460 [error] [storage state.vscdb] prepare(): Error: SQLITE_READONLY_DBMOVED: attempt to write a readonly database (INSERT INTO ItemTable VALUES (?,?),(?,?),(?,?),(?,?)). Details: Keys: __$__targetStorageMarker, workbench.activity.placeholderViewlets, workbench.activity.pinnedViewlets2, memento/notebookEditors Length: 4670
2023-11-05 22:15:24.464 [error] [storage state.vscdb] prepare(): Error: SQLITE_READONLY_DBMOVED: attempt to write a readonly database (DELETE FROM ItemTable WHERE key IN (?)). Details: Keys: editorOverrideService.cache
2023-11-05 22:15:24.751 [error] [storage state.vscdb] prepare(): Error: SQLITE_READONLY_DBMOVED: attempt to write a readonly database (INSERT INTO ItemTable VALUES (?,?),(?,?),(?,?),(?,?),(?,?),(?,?),(?,?)). Details: Keys: memento/notebookEditors, workbench.activity.pinnedViewlets2, workbench.activity.placeholderViewlets, workbench.panel.pinnedPanels, __$__targetStorageMarker, editorOverrideService.cache, editorFontInfo Length: 6119
2023-11-05 22:15:24.849 [info] Extension host with pid 413865 exited with code: 0, signal: unknown.
2023-11-05 22:15:28.601 [error] [storage state.vscdb] prepare(): Error: SQLITE_READONLY_DBMOVED: attempt to write a readonly database (INSERT INTO ItemTable VALUES (?,?)). Details: Keys: editorOverrideService.cache Length: 289
2023-11-05 22:15:35.602 [info] Extension host with pid 413613 exited with code: 0, signal: unknown.
2023-11-05 22:15:36.185 [error] [storage state.vscdb] prepare(): Error: SQLITE_READONLY_DBMOVED: attempt to write a readonly database (INSERT INTO ItemTable VALUES (?,?),(?,?),(?,?),(?,?)). Details: Keys: __$__targetStorageMarker, workbench.activity.placeholderViewlets, workbench.activity.pinnedViewlets2, memento/notebookEditors Length: 4670
2023-11-05 22:15:36.185 [error] [storage state.vscdb] prepare(): Error: SQLITE_READONLY_DBMOVED: attempt to write a readonly database (DELETE FROM ItemTable WHERE key IN (?)). Details: Keys: editorOverrideService.cache
2023-11-05 22:15:36.416 [error] [storage state.vscdb] prepare(): Error: SQLITE_READONLY_DBMOVED: attempt to write a readonly database (INSERT INTO ItemTable VALUES (?,?),(?,?),(?,?)). Details: Keys: __$__targetStorageMarker, editorOverrideService.cache, workbench.editor.languageDetectionOpenedLanguages.global Length: 2178
2023-11-05 22:15:36.766 [error] [storage state.vscdb] prepare(): Error: SQLITE_READONLY_DBMOVED: attempt to write a readonly database (INSERT INTO ItemTable VALUES (?,?),(?,?),(?,?)). Details: Keys: memento/notebookEditors, workbench.activity.pinnedViewlets2, workbench.activity.placeholderViewlets Length: 3367
2023-11-05 22:15:37.067 [error] [storage state.vscdb] prepare(): Error: SQLITE_READONLY_DBMOVED: attempt to write a readonly database (INSERT INTO ItemTable VALUES (?,?)). Details: Keys: workbench.panel.pinnedPanels Length: 621
2023-11-05 22:15:37.217 [error] [storage state.vscdb] prepare(): Error: SQLITE_READONLY_DBMOVED: attempt to write a readonly database (INSERT INTO ItemTable VALUES (?,?)). Details: Keys: workbench.activity.placeholderViewlets Length: 2089
2023-11-05 22:15:37.590 [error] [storage state.vscdb] prepare(): Error: SQLITE_READONLY_DBMOVED: attempt to write a readonly database (INSERT INTO ItemTable VALUES (?,?),(?,?)). Details: Keys: github-Walia8416-usages, workbench.panel.pinnedPanels Length: 703
2023-11-05 22:15:38.532 [error] [storage state.vscdb] prepare(): Error: SQLITE_READONLY_DBMOVED: attempt to write a readonly database (INSERT INTO ItemTable VALUES (?,?)). Details: Keys: github-Walia8416-usages Length: 83
2023-11-05 22:15:38.773 [error] [storage state.vscdb] prepare(): Error: SQLITE_READONLY_DBMOVED: attempt to write a readonly database (INSERT INTO ItemTable VALUES (?,?)). Details: Keys: workbench.editor.languageDetectionOpenedLanguages.global Length: 208
2023-11-05 22:15:38.964 [error] [storage state.vscdb] prepare(): Error: SQLITE_READONLY_DBMOVED: attempt to write a readonly database (INSERT INTO ItemTable VALUES (?,?)). Details: Keys: vscode.github Length: 393
2023-11-05 22:15:46.430 [error] [storage state.vscdb] prepare(): Error: SQLITE_READONLY_DBMOVED: attempt to write a readonly database (INSERT INTO ItemTable VALUES (?,?)). Details: Keys: workbench.editor.languageDetectionOpenedLanguages.global Length: 208
2023-11-05 22:15:49.694 [info] Extension host with pid 415312 exited with code: 0, signal: unknown.
2023-11-05 22:15:49.773 [error] [storage state.vscdb] prepare(): Error: SQLITE_READONLY_DBMOVED: attempt to write a readonly database (INSERT INTO ItemTable VALUES (?,?),(?,?)). Details: Keys: editorOverrideService.cache, editorFontInfo Length: 783
2023-11-05 22:16:12.784 [error] [storage state.vscdb] prepare(): Error: SQLITE_READONLY_DBMOVED: attempt to write a readonly database (INSERT INTO ItemTable VALUES (?,?),(?,?)). Details: Keys: terminal.history.entries.dirs, terminal.history.timestamp.dirs Length: 106
2023-11-05 22:16:25.850 [error] [storage state.vscdb] prepare(): Error: SQLITE_READONLY_DBMOVED: attempt to write a readonly database (INSERT INTO ItemTable VALUES (?,?),(?,?)). Details: Keys: terminal.history.entries.commands, terminal.history.timestamp.commands Length: 225
2023-11-05 22:16:30.118 [error] [storage state.vscdb] prepare(): Error: SQLITE_READONLY_DBMOVED: attempt to write a readonly database (INSERT INTO ItemTable VALUES (?,?),(?,?)). Details: Keys: terminal.history.entries.commands, terminal.history.timestamp.commands Length: 249
2023-11-05 22:16:47.798 [error] [storage state.vscdb] prepare(): Error: SQLITE_READONLY_DBMOVED: attempt to write a readonly database (INSERT INTO ItemTable VALUES (?,?),(?,?),(?,?),(?,?)). Details: Keys: terminal.history.entries.commands, terminal.history.timestamp.commands, terminal.history.entries.dirs, terminal.history.timestamp.dirs Length: 436
2023-11-05 22:16:48.539 [error] [storage state.vscdb] prepare(): Error: SQLITE_READONLY_DBMOVED: attempt to write a readonly database (INSERT INTO ItemTable VALUES (?,?),(?,?)). Details: Keys: terminal.history.entries.commands, terminal.history.timestamp.commands Length: 284
2023-11-05 22:16:53.502 [error] [storage state.vscdb] prepare(): Error: SQLITE_READONLY_DBMOVED: attempt to write a readonly database (INSERT INTO ItemTable VALUES (?,?),(?,?),(?,?),(?,?)). Details: Keys: terminal.history.entries.commands, terminal.history.timestamp.commands, terminal.history.entries.dirs, terminal.history.timestamp.dirs Length: 463
2023-11-05 22:16:56.287 [error] [storage state.vscdb] prepare(): Error: SQLITE_READONLY_DBMOVED: attempt to write a readonly database (INSERT INTO ItemTable VALUES (?,?),(?,?),(?,?),(?,?)). Details: Keys: terminal.history.entries.commands, terminal.history.timestamp.commands, terminal.history.entries.dirs, terminal.history.timestamp.dirs Length: 540
2023-11-05 22:17:01.346 [error] [storage state.vscdb] prepare(): Error: SQLITE_READONLY_DBMOVED: attempt to write a readonly database (INSERT INTO ItemTable VALUES (?,?),(?,?)). Details: Keys: terminal.history.entries.commands, terminal.history.timestamp.commands Length: 344
2023-11-05 22:17:11.394 [error] [storage state.vscdb] prepare(): Error: SQLITE_READONLY_DBMOVED: attempt to write a readonly database (INSERT INTO ItemTable VALUES (?,?),(?,?)). Details: Keys: terminal.history.entries.commands, terminal.history.timestamp.commands Length: 386
2023-11-05 22:17:37.549 [error] [storage state.vscdb] prepare(): Error: SQLITE_READONLY_DBMOVED: attempt to write a readonly database (INSERT INTO ItemTable VALUES (?,?)). Details: Keys: workbench.editor.languageDetectionOpenedLanguages.global Length: 201
2023-11-05 22:19:08.060 [error] [storage state.vscdb] prepare(): Error: SQLITE_READONLY_DBMOVED: attempt to write a readonly database (INSERT INTO ItemTable VALUES (?,?),(?,?)). Details: Keys: terminal.history.entries.commands, terminal.history.timestamp.commands Length: 418
2023-11-05 22:19:49.778 [error] [storage state.vscdb] prepare(): Error: SQLITE_READONLY_DBMOVED: attempt to write a readonly database (INSERT INTO ItemTable VALUES (?,?),(?,?)). Details: Keys: terminal.history.entries.commands, terminal.history.timestamp.commands Length: 451
2023-11-05 22:19:53.637 [error] [storage state.vscdb] prepare(): Error: SQLITE_READONLY_DBMOVED: attempt to write a readonly database (INSERT INTO ItemTable VALUES (?,?),(?,?)). Details: Keys: terminal.history.entries.commands, terminal.history.timestamp.commands Length: 451
2023-11-05 22:20:00.900 [error] [storage state.vscdb] prepare(): Error: SQLITE_READONLY_DBMOVED: attempt to write a readonly database (INSERT INTO ItemTable VALUES (?,?)). Details: Keys: workbench.editor.languageDetectionOpenedLanguages.global Length: 201
2023-11-05 22:20:12.088 [error] [storage state.vscdb] prepare(): Error: SQLITE_READONLY_DBMOVED: attempt to write a readonly database (INSERT INTO ItemTable VALUES (?,?),(?,?)). Details: Keys: terminal.history.entries.commands, terminal.history.timestamp.commands Length: 451
2023-11-05 22:20:19.774 [error] [storage state.vscdb] prepare(): Error: SQLITE_READONLY_DBMOVED: attempt to write a readonly database (INSERT INTO ItemTable VALUES (?,?),(?,?)). Details: Keys: terminal.history.entries.commands, terminal.history.timestamp.commands Length: 496
2023-11-05 22:20:25.748 [error] [storage state.vscdb] prepare(): Error: SQLITE_READONLY_DBMOVED: attempt to write a readonly database (INSERT INTO ItemTable VALUES (?,?)). Details: Keys: workbench.editor.languageDetectionOpenedLanguages.global Length: 205
2023-11-05 22:20:26.565 [error] [storage state.vscdb] prepare(): Error: SQLITE_READONLY_DBMOVED: attempt to write a readonly database (INSERT INTO ItemTable VALUES (?,?)). Details: Keys: workbench.editor.languageDetectionOpenedLanguages.global Length: 205
2023-11-05 22:20:27.376 [error] [storage state.vscdb] prepare(): Error: SQLITE_READONLY_DBMOVED: attempt to write a readonly database (INSERT INTO ItemTable VALUES (?,?)). Details: Keys: workbench.editor.languageDetectionOpenedLanguages.global Length: 205
2023-11-05 22:20:27.905 [error] [storage state.vscdb] prepare(): Error: SQLITE_READONLY_DBMOVED: attempt to write a readonly database (INSERT INTO ItemTable VALUES (?,?)). Details: Keys: workbench.editor.languageDetectionOpenedLanguages.global Length: 205
2023-11-05 22:20:34.054 [error] [storage state.vscdb] prepare(): Error: SQLITE_READONLY_DBMOVED: attempt to write a readonly database (INSERT INTO ItemTable VALUES (?,?),(?,?)). Details: Keys: terminal.history.entries.commands, terminal.history.timestamp.commands Length: 496
2023-11-05 22:20:39.658 [error] [storage state.vscdb] prepare(): Error: SQLITE_READONLY_DBMOVED: attempt to write a readonly database (INSERT INTO ItemTable VALUES (?,?)). Details: Keys: workbench.editor.languageDetectionOpenedLanguages.global Length: 205
2023-11-05 22:20:44.436 [error] [storage state.vscdb] prepare(): Error: SQLITE_READONLY_DBMOVED: attempt to write a readonly database (INSERT INTO ItemTable VALUES (?,?)). Details: Keys: workbench.editor.languageDetectionOpenedLanguages.global Length: 205
2023-11-05 22:20:49.144 [error] [storage state.vscdb] prepare(): Error: SQLITE_READONLY_DBMOVED: attempt to write a readonly database (INSERT INTO ItemTable VALUES (?,?)). Details: Keys: workbench.editor.languageDetectionOpenedLanguages.global Length: 205
2023-11-05 22:20:52.667 [error] [storage state.vscdb] prepare(): Error: SQLITE_READONLY_DBMOVED: attempt to write a readonly database (INSERT INTO ItemTable VALUES (?,?)). Details: Keys: workbench.editor.languageDetectionOpenedLanguages.global Length: 205
2023-11-05 22:21:06.337 [error] [storage state.vscdb] prepare(): Error: SQLITE_READONLY_DBMOVED: attempt to write a readonly database (INSERT INTO ItemTable VALUES (?,?)). Details: Keys: workbench.editor.languageDetectionOpenedLanguages.global Length: 205
2023-11-05 22:22:07.555 [error] CodeWindow: detected unresponsive
2023-11-05 22:22:29.315 [error] [storage state.vscdb] prepare(): Error: SQLITE_READONLY_DBMOVED: attempt to write a readonly database (INSERT INTO ItemTable VALUES (?,?)). Details: Keys: workbench.editor.languageDetectionOpenedLanguages.global Length: 205
2023-11-05 22:22:37.257 [error] [storage state.vscdb] prepare(): Error: SQLITE_READONLY_DBMOVED: attempt to write a readonly database (INSERT INTO ItemTable VALUES (?,?)). Details: Keys: terminal.history.timestamp.commands Length: 13
2023-11-05 22:23:01.356 [error] [storage state.vscdb] prepare(): Error: SQLITE_READONLY_DBMOVED: attempt to write a readonly database (INSERT INTO ItemTable VALUES (?,?)). Details: Keys: workbench.editor.languageDetectionOpenedLanguages.global Length: 205
2023-11-05 22:23:12.348 [error] [storage state.vscdb] prepare(): Error: SQLITE_READONLY_DBMOVED: attempt to write a readonly database (INSERT INTO ItemTable VALUES (?,?)). Details: Keys: workbench.editor.languageDetectionOpenedLanguages.global Length: 205
2023-11-05 22:23:28.026 [error] [storage state.vscdb] prepare(): Error: SQLITE_READONLY_DBMOVED: attempt to write a readonly database (INSERT INTO ItemTable VALUES (?,?),(?,?)). Details: Keys: terminal.history.entries.commands, terminal.history.timestamp.commands Length: 527
2023-11-05 22:23:33.481 [error] [storage state.vscdb] prepare(): Error: SQLITE_READONLY_DBMOVED: attempt to write a readonly database (INSERT INTO ItemTable VALUES (?,?)). Details: Keys: workbench.editor.languageDetectionOpenedLanguages.global Length: 205
2023-11-05 22:23:38.835 [error] [storage state.vscdb] prepare(): Error: SQLITE_READONLY_DBMOVED: attempt to write a readonly database (INSERT INTO ItemTable VALUES (?,?)). Details: Keys: github-Walia8416-usages Length: 83
2023-11-05 22:23:57.571 [error] [storage state.vscdb] prepare(): Error: SQLITE_READONLY_DBMOVED: attempt to write a readonly database (INSERT INTO ItemTable VALUES (?,?),(?,?)). Details: Keys: terminal.history.entries.commands, terminal.history.timestamp.commands Length: 557
