2023-09-22 12:41:58.893 [info] Added views:workbench.panel.markers.view in workbench.panel.markers
2023-09-22 12:41:58.893 [info] Added views:workbench.panel.output in workbench.panel.output
2023-09-22 12:41:58.893 [info] Added views:terminal in terminal
2023-09-22 12:41:58.893 [info] Added views:outline in workbench.view.explorer
2023-09-22 12:41:58.893 [info] Added views:workbench.scm in workbench.view.scm
2023-09-22 12:41:58.893 [info] Added views:workbench.view.search in workbench.view.search
2023-09-22 12:41:58.893 [info] Added views:timeline in workbench.view.explorer
2023-09-22 12:41:58.893 [info] Added views:workbench.explorer.fileView in workbench.view.explorer
2023-09-22 12:41:59.232 [info] Added views:workbench.debug.welcome in workbench.view.debug
2023-09-22 12:42:00.394 [info] Added views:workbench.panel.repl.view in workbench.panel.repl
2023-09-22 12:42:01.345 [info] Added views:~remote.forwardedPorts in ~remote.forwardedPortsContainer
2023-09-22 12:42:15.714 [info] Added views:workbench.panel.markers.view in workbench.panel.markers
2023-09-22 12:42:15.714 [info] Added views:workbench.panel.output in workbench.panel.output
2023-09-22 12:42:15.714 [info] Added views:terminal in terminal
2023-09-22 12:42:15.714 [info] Added views:outline in workbench.view.explorer
2023-09-22 12:42:15.714 [info] Added views:workbench.scm in workbench.view.scm
2023-09-22 12:42:15.714 [info] Added views:workbench.view.search in workbench.view.search
2023-09-22 12:42:15.714 [info] Added views:timeline in workbench.view.explorer
2023-09-22 12:42:15.714 [info] Added views:workbench.explorer.fileView in workbench.view.explorer
2023-09-22 12:42:16.426 [info] Added views:workbench.debug.variablesView,workbench.debug.watchExpressionsView,workbench.debug.callStackView,workbench.debug.breakPointsView in workbench.view.debug
2023-09-22 12:42:16.447 [info] Added views:workbench.panel.repl.view in workbench.panel.repl
2023-09-22 12:42:16.448 [info] Removed views:workbench.debug.breakPointsView,workbench.debug.callStackView,workbench.debug.watchExpressionsView,workbench.debug.variablesView from workbench.view.debug
2023-09-22 12:42:16.449 [info] Added views:workbench.debug.welcome in workbench.view.debug
2023-09-22 12:42:17.338 [info] Added views:~remote.forwardedPorts in ~remote.forwardedPortsContainer
2023-09-22 12:42:39.466 [info] Added views:workbench.panel.markers.view in workbench.panel.markers
2023-09-22 12:42:39.466 [info] Added views:workbench.panel.output in workbench.panel.output
2023-09-22 12:42:39.466 [info] Added views:terminal in terminal
2023-09-22 12:42:39.466 [info] Added views:outline in workbench.view.explorer
2023-09-22 12:42:39.466 [info] Added views:workbench.scm in workbench.view.scm
2023-09-22 12:42:39.466 [info] Added views:workbench.view.search in workbench.view.search
2023-09-22 12:42:39.466 [info] Added views:timeline in workbench.view.explorer
2023-09-22 12:42:39.466 [info] Added views:workbench.explorer.fileView in workbench.view.explorer
2023-09-22 12:42:39.596 [info] Added views:workbench.debug.welcome in workbench.view.debug
2023-09-22 12:42:40.520 [info] Added views:workbench.panel.repl.view in workbench.panel.repl
2023-09-22 12:42:41.112 [info] Added views:~remote.forwardedPorts in ~remote.forwardedPortsContainer
