2023-09-22 00:02:59.339 [info] Extension host with pid 116656 started
2023-09-22 00:02:59.434 [info] ExtensionService#_doActivateExtension vscode.emmet, startup: false, activationEvent: 'onLanguage'
2023-09-22 00:02:59.490 [info] ExtensionService#_doActivateExtension vscode.git-base, startup: true, activationEvent: '*'
2023-09-22 00:02:59.497 [info] ExtensionService#_doActivateExtension vscode.github, startup: true, activationEvent: '*'
2023-09-22 00:02:59.511 [info] Eager extensions activated
2023-09-22 00:02:59.536 [info] ExtensionService#_doActivateExtension vscode.debug-auto-launch, startup: false, activationEvent: 'onStartupFinished'
2023-09-22 00:02:59.541 [info] ExtensionService#_doActivateExtension vscode.merge-conflict, startup: false, activationEvent: 'onStartupFinished'
2023-09-22 00:03:06.502 [info] ExtensionService#_doActivateExtension vscode.git, startup: false, activationEvent: 'api', root cause: vscode.github
2023-09-22 00:03:28.580 [info] Extension host terminating: renderer closed the MessagePort
2023-09-22 00:03:28.586 [info] Extension host with pid 116656 exiting with code 0
2023-09-22 00:03:29.534 [info] Extension host with pid 117162 started
2023-09-22 00:03:29.534 [info] Skipping acquiring lock for /home/adiwalia/.config/Code - OSS/User/workspaceStorage/10bcd5ed7a5981c51c5bdf33b674d1a7.
2023-09-22 00:03:29.642 [info] ExtensionService#_doActivateExtension vscode.git-base, startup: true, activationEvent: '*'
2023-09-22 00:03:29.710 [info] ExtensionService#_doActivateExtension vscode.github, startup: true, activationEvent: '*'
2023-09-22 00:03:29.730 [info] Eager extensions activated
2023-09-22 00:03:29.737 [info] ExtensionService#_doActivateExtension vscode.debug-auto-launch, startup: false, activationEvent: 'onStartupFinished'
2023-09-22 00:03:29.742 [info] ExtensionService#_doActivateExtension vscode.merge-conflict, startup: false, activationEvent: 'onStartupFinished'
2023-09-22 00:03:36.259 [info] ExtensionService#_doActivateExtension vscode.git, startup: false, activationEvent: 'api', root cause: vscode.github
2023-09-22 00:11:37.598 [info] ExtensionService#_doActivateExtension vscode.emmet, startup: false, activationEvent: 'onLanguage'
2023-09-22 00:14:05.583 [info] ExtensionService#_doActivateExtension batisteo.vscode-django, startup: false, activationEvent: 'onLanguage:python'
2023-09-22 00:14:48.317 [info] Extension host terminating: renderer closed the MessagePort
2023-09-22 00:14:48.320 [info] Extension host with pid 117162 exiting with code 0
2023-09-22 00:14:49.808 [info] Extension host with pid 123314 started
2023-09-22 00:14:49.808 [info] Skipping acquiring lock for /home/adiwalia/.config/Code - OSS/User/workspaceStorage/10bcd5ed7a5981c51c5bdf33b674d1a7.
2023-09-22 00:14:49.952 [info] ExtensionService#_doActivateExtension vscode.emmet, startup: false, activationEvent: 'onLanguage'
2023-09-22 00:14:49.990 [info] ExtensionService#_doActivateExtension vscode.git-base, startup: true, activationEvent: '*', root cause: vscode.git
2023-09-22 00:14:50.019 [info] ExtensionService#_doActivateExtension vscode.git, startup: true, activationEvent: '*'
2023-09-22 00:14:50.052 [info] ExtensionService#_doActivateExtension vscode.github, startup: true, activationEvent: '*'
2023-09-22 00:14:50.100 [info] Eager extensions activated
2023-09-22 00:14:50.122 [info] ExtensionService#_doActivateExtension vscode.debug-auto-launch, startup: false, activationEvent: 'onStartupFinished'
2023-09-22 00:14:50.124 [info] ExtensionService#_doActivateExtension vscode.merge-conflict, startup: false, activationEvent: 'onStartupFinished'
2023-09-22 00:23:18.335 [info] ExtensionService#_doActivateExtension vscode.html-language-features, startup: false, activationEvent: 'onLanguage:html'
2023-09-22 00:23:59.035 [info] Extension host terminating: renderer closed the MessagePort
2023-09-22 00:23:59.047 [info] Extension host with pid 123314 exiting with code 0
