2023-09-22 12:41:59.900 [info] Extension host with pid 25586 started
2023-09-22 12:41:59.900 [info] Skipping acquiring lock for /home/adiwalia/.config/Code - OSS/User/workspaceStorage/10bcd5ed7a5981c51c5bdf33b674d1a7.
2023-09-22 12:42:00.384 [info] ExtensionService#_doActivateExtension vscode.emmet, startup: false, activationEvent: 'onLanguage'
2023-09-22 12:42:00.605 [info] ExtensionService#_doActivateExtension vscode.git-base, startup: true, activationEvent: '*', root cause: vscode.git
2023-09-22 12:42:00.780 [info] ExtensionService#_doActivateExtension vscode.git, startup: true, activationEvent: '*'
2023-09-22 12:42:00.827 [info] ExtensionService#_doActivateExtension vscode.github, startup: true, activationEvent: '*'
2023-09-22 12:42:00.942 [info] Eager extensions activated
2023-09-22 12:42:01.126 [info] ExtensionService#_doActivateExtension vscode.debug-auto-launch, startup: false, activationEvent: 'onStartupFinished'
2023-09-22 12:42:01.147 [info] ExtensionService#_doActivateExtension vscode.merge-conflict, startup: false, activationEvent: 'onStartupFinished'
2023-09-22 12:42:15.273 [info] Extension host terminating: renderer closed the MessagePort
2023-09-22 12:42:15.278 [info] Extension host with pid 25586 exiting with code 0
2023-09-22 12:42:16.386 [info] Extension host with pid 25863 started
2023-09-22 12:42:16.386 [info] Skipping acquiring lock for /home/adiwalia/.config/Code - OSS/User/workspaceStorage/839dd34d7d40e109aeecdc88f5e02a77.
2023-09-22 12:42:16.450 [info] ExtensionService#_doActivateExtension vscode.git-base, startup: true, activationEvent: '*', root cause: vscode.git
2023-09-22 12:42:16.503 [info] ExtensionService#_doActivateExtension vscode.git, startup: true, activationEvent: '*'
2023-09-22 12:42:16.547 [info] ExtensionService#_doActivateExtension vscode.github, startup: true, activationEvent: '*'
2023-09-22 12:42:16.670 [info] Eager extensions activated
2023-09-22 12:42:16.710 [info] ExtensionService#_doActivateExtension vscode.debug-auto-launch, startup: false, activationEvent: 'onStartupFinished'
2023-09-22 12:42:16.719 [info] ExtensionService#_doActivateExtension vscode.merge-conflict, startup: false, activationEvent: 'onStartupFinished'
2023-09-22 12:42:16.744 [info] ExtensionService#_doActivateExtension vscode.emmet, startup: false, activationEvent: 'onLanguage'
2023-09-22 12:42:38.411 [info] Extension host terminating: renderer closed the MessagePort
2023-09-22 12:42:38.419 [info] Extension host with pid 25863 exiting with code 0
2023-09-22 12:42:40.438 [info] Extension host with pid 26051 started
2023-09-22 12:42:40.439 [info] Skipping acquiring lock for /home/adiwalia/.config/Code - OSS/User/workspaceStorage/10bcd5ed7a5981c51c5bdf33b674d1a7.
2023-09-22 12:42:40.517 [info] ExtensionService#_doActivateExtension vscode.emmet, startup: false, activationEvent: 'onLanguage'
2023-09-22 12:42:40.635 [info] ExtensionService#_doActivateExtension vscode.git-base, startup: true, activationEvent: '*', root cause: vscode.git
2023-09-22 12:42:40.663 [info] ExtensionService#_doActivateExtension vscode.git, startup: true, activationEvent: '*'
2023-09-22 12:42:40.698 [info] ExtensionService#_doActivateExtension vscode.github, startup: true, activationEvent: '*'
2023-09-22 12:42:40.806 [info] Eager extensions activated
2023-09-22 12:42:40.850 [info] ExtensionService#_doActivateExtension vscode.debug-auto-launch, startup: false, activationEvent: 'onStartupFinished'
2023-09-22 12:42:40.853 [info] ExtensionService#_doActivateExtension vscode.merge-conflict, startup: false, activationEvent: 'onStartupFinished'
2023-09-22 12:42:41.764 [info] ExtensionService#_doActivateExtension vscode.html-language-features, startup: false, activationEvent: 'onLanguage:html'
2023-09-22 12:43:58.021 [info] Extension host terminating: renderer closed the MessagePort
2023-09-22 12:43:58.044 [info] Extension host with pid 26051 exiting with code 0
