2023-09-22 00:03:06.617 [info] Log level: Info
2023-09-22 00:03:06.617 [info] Validating found git in: "git"
2023-09-22 00:03:06.617 [info] Using git "2.42.0" from "git"
2023-09-22 00:03:36.326 [info] Log level: Info
2023-09-22 00:03:36.326 [info] Validating found git in: "git"
2023-09-22 00:03:36.326 [info] Using git "2.42.0" from "git"
2023-09-22 00:03:36.341 [info] > git rev-parse --show-toplevel [20ms]
2023-09-22 00:03:36.341 [info] fatal: not a git repository (or any of the parent directories): .git
2023-09-22 00:11:37.567 [info] > git rev-parse --show-toplevel [1ms]
2023-09-22 00:11:37.567 [info] fatal: not a git repository (or any of the parent directories): .git
2023-09-22 00:11:38.710 [info] > git rev-parse --show-toplevel [2ms]
2023-09-22 00:11:38.710 [info] fatal: not a git repository (or any of the parent directories): .git
2023-09-22 00:11:39.391 [info] > git rev-parse --show-toplevel [1ms]
2023-09-22 00:11:39.391 [info] fatal: not a git repository (or any of the parent directories): .git
2023-09-22 00:11:40.899 [info] > git rev-parse --show-toplevel [2ms]
2023-09-22 00:11:40.899 [info] fatal: not a git repository (or any of the parent directories): .git
2023-09-22 00:11:45.432 [info] > git rev-parse --show-toplevel [2ms]
2023-09-22 00:11:45.432 [info] fatal: not a git repository (or any of the parent directories): .git
2023-09-22 00:11:46.180 [info] > git rev-parse --show-toplevel [3ms]
2023-09-22 00:11:46.180 [info] fatal: not a git repository (or any of the parent directories): .git
2023-09-22 00:11:47.196 [info] > git rev-parse --show-toplevel [2ms]
2023-09-22 00:11:47.196 [info] fatal: not a git repository (or any of the parent directories): .git
2023-09-22 00:12:14.250 [info] > git rev-parse --show-toplevel [1ms]
2023-09-22 00:12:14.250 [info] fatal: not a git repository (or any of the parent directories): .git
2023-09-22 00:12:14.888 [info] > git rev-parse --show-toplevel [2ms]
2023-09-22 00:12:14.888 [info] fatal: not a git repository (or any of the parent directories): .git
2023-09-22 00:12:15.469 [info] > git rev-parse --show-toplevel [1ms]
2023-09-22 00:12:15.469 [info] fatal: not a git repository (or any of the parent directories): .git
2023-09-22 00:12:17.325 [info] > git rev-parse --show-toplevel [4ms]
2023-09-22 00:12:17.325 [info] fatal: not a git repository (or any of the parent directories): .git
2023-09-22 00:12:18.288 [info] > git rev-parse --show-toplevel [1ms]
2023-09-22 00:12:18.288 [info] fatal: not a git repository (or any of the parent directories): .git
2023-09-22 00:12:18.959 [info] > git rev-parse --show-toplevel [4ms]
2023-09-22 00:12:18.959 [info] fatal: not a git repository (or any of the parent directories): .git
2023-09-22 00:12:19.737 [info] > git rev-parse --show-toplevel [1ms]
2023-09-22 00:12:19.737 [info] fatal: not a git repository (or any of the parent directories): .git
2023-09-22 00:12:20.203 [info] > git rev-parse --show-toplevel [1ms]
2023-09-22 00:12:20.203 [info] fatal: not a git repository (or any of the parent directories): .git
2023-09-22 00:12:21.712 [info] > git rev-parse --show-toplevel [2ms]
2023-09-22 00:12:21.712 [info] fatal: not a git repository (or any of the parent directories): .git
2023-09-22 00:12:26.302 [info] > git rev-parse --show-toplevel [2ms]
2023-09-22 00:12:26.302 [info] fatal: not a git repository (or any of the parent directories): .git
2023-09-22 00:12:49.087 [info] > git rev-parse --show-toplevel [12ms]
2023-09-22 00:12:49.088 [info] fatal: not a git repository (or any of the parent directories): .git
2023-09-22 00:14:05.533 [info] > git rev-parse --show-toplevel [2ms]
2023-09-22 00:14:05.533 [info] fatal: not a git repository (or any of the parent directories): .git
2023-09-22 00:14:08.505 [info] > git rev-parse --show-toplevel [1ms]
2023-09-22 00:14:08.505 [info] fatal: not a git repository (or any of the parent directories): .git
2023-09-22 00:14:50.133 [info] Log level: Info
2023-09-22 00:14:50.133 [info] Validating found git in: "git"
2023-09-22 00:14:50.133 [info] Using git "2.42.0" from "git"
2023-09-22 00:14:50.133 [info] > git rev-parse --show-toplevel [7ms]
2023-09-22 00:14:50.133 [info] fatal: not a git repository (or any of the parent directories): .git
2023-09-22 00:14:50.157 [info] > git rev-parse --show-toplevel [16ms]
2023-09-22 00:14:50.157 [info] fatal: not a git repository (or any of the parent directories): .git
2023-09-22 00:14:50.173 [info] > git rev-parse --show-toplevel [1ms]
2023-09-22 00:14:50.174 [info] fatal: not a git repository (or any of the parent directories): .git
2023-09-22 00:14:50.187 [info] > git rev-parse --show-toplevel [4ms]
2023-09-22 00:14:50.187 [info] fatal: not a git repository (or any of the parent directories): .git
2023-09-22 00:14:50.202 [info] > git rev-parse --show-toplevel [5ms]
2023-09-22 00:14:50.202 [info] fatal: not a git repository (or any of the parent directories): .git
2023-09-22 00:14:50.213 [info] > git rev-parse --show-toplevel [3ms]
2023-09-22 00:14:50.213 [info] fatal: not a git repository (or any of the parent directories): .git
2023-09-22 00:14:50.501 [info] > git rev-parse --show-toplevel [3ms]
2023-09-22 00:14:50.501 [info] fatal: not a git repository (or any of the parent directories): .git
2023-09-22 00:16:49.687 [info] > git rev-parse --show-toplevel [1ms]
2023-09-22 00:16:49.687 [info] fatal: not a git repository (or any of the parent directories): .git
2023-09-22 00:18:58.229 [info] > git rev-parse --show-toplevel [1ms]
2023-09-22 00:18:58.229 [info] fatal: not a git repository (or any of the parent directories): .git
2023-09-22 00:20:16.655 [info] > git rev-parse --show-toplevel [6ms]
2023-09-22 00:20:16.655 [info] fatal: not a git repository (or any of the parent directories): .git
2023-09-22 00:21:26.372 [info] > git rev-parse --show-toplevel [2ms]
2023-09-22 00:21:26.372 [info] fatal: not a git repository (or any of the parent directories): .git
2023-09-22 00:23:18.318 [info] > git rev-parse --show-toplevel [4ms]
2023-09-22 00:23:18.318 [info] fatal: not a git repository (or any of the parent directories): .git
2023-09-22 00:23:23.086 [info] > git rev-parse --show-toplevel [1ms]
2023-09-22 00:23:23.086 [info] fatal: not a git repository (or any of the parent directories): .git
2023-09-22 00:23:29.463 [info] > git rev-parse --show-toplevel [1ms]
2023-09-22 00:23:29.463 [info] fatal: not a git repository (or any of the parent directories): .git
2023-09-22 00:23:56.518 [info] > git rev-parse --show-toplevel [2ms]
2023-09-22 00:23:56.518 [info] fatal: not a git repository (or any of the parent directories): .git
2023-09-22 00:23:58.525 [info] > git rev-parse --show-toplevel [1ms]
2023-09-22 00:23:58.525 [info] fatal: not a git repository (or any of the parent directories): .git
