2023-09-22 00:02:58.763 [info] Added views:workbench.panel.markers.view in workbench.panel.markers
2023-09-22 00:02:58.763 [info] Added views:workbench.panel.output in workbench.panel.output
2023-09-22 00:02:58.763 [info] Added views:terminal in terminal
2023-09-22 00:02:58.763 [info] Added views:outline in workbench.view.explorer
2023-09-22 00:02:58.763 [info] Added views:workbench.scm in workbench.view.scm
2023-09-22 00:02:58.763 [info] Added views:workbench.view.search in workbench.view.search
2023-09-22 00:02:58.763 [info] Added views:timeline in workbench.view.explorer
2023-09-22 00:02:58.763 [info] Added views:workbench.explorer.emptyView in workbench.view.explorer
2023-09-22 00:02:58.958 [info] Added views:workbench.debug.welcome in workbench.view.debug
2023-09-22 00:02:59.439 [info] Added views:workbench.panel.repl.view in workbench.panel.repl
2023-09-22 00:02:59.601 [info] Added views:~remote.forwardedPorts in ~remote.forwardedPortsContainer
2023-09-22 00:03:28.939 [info] Added views:workbench.panel.markers.view in workbench.panel.markers
2023-09-22 00:03:28.939 [info] Added views:workbench.panel.output in workbench.panel.output
2023-09-22 00:03:28.939 [info] Added views:terminal in terminal
2023-09-22 00:03:28.939 [info] Added views:outline in workbench.view.explorer
2023-09-22 00:03:28.939 [info] Added views:workbench.scm in workbench.view.scm
2023-09-22 00:03:28.939 [info] Added views:workbench.view.search in workbench.view.search
2023-09-22 00:03:28.939 [info] Added views:timeline in workbench.view.explorer
2023-09-22 00:03:28.939 [info] Added views:workbench.explorer.fileView in workbench.view.explorer
2023-09-22 00:03:29.323 [info] Added views:workbench.debug.variablesView,workbench.debug.watchExpressionsView,workbench.debug.callStackView,workbench.debug.breakPointsView in workbench.view.debug
2023-09-22 00:03:29.348 [info] Added views:~remote.forwardedPorts in ~remote.forwardedPortsContainer
2023-09-22 00:03:29.639 [info] Added views:workbench.panel.repl.view in workbench.panel.repl
2023-09-22 00:03:29.641 [info] Removed views:workbench.debug.breakPointsView,workbench.debug.callStackView,workbench.debug.watchExpressionsView,workbench.debug.variablesView from workbench.view.debug
2023-09-22 00:03:29.641 [info] Added views:workbench.debug.welcome in workbench.view.debug
2023-09-22 00:13:56.802 [info] Added views:workbench.views.extensions.installed,workbench.views.extensions.popular,extensions.recommendedList in workbench.view.extensions
2023-09-22 00:13:56.803 [info] Removed views:workbench.views.extensions.popular from workbench.view.extensions
2023-09-22 00:13:57.072 [info] Added views:workbench.views.extensions.popular in workbench.view.extensions
2023-09-22 00:13:59.041 [info] Removed views:extensions.recommendedList,workbench.views.extensions.popular,workbench.views.extensions.installed from workbench.view.extensions
2023-09-22 00:13:59.054 [info] Added views:workbench.views.extensions.marketplace in workbench.view.extensions
2023-09-22 00:14:49.186 [info] Added views:workbench.panel.markers.view in workbench.panel.markers
2023-09-22 00:14:49.186 [info] Added views:workbench.panel.output in workbench.panel.output
2023-09-22 00:14:49.186 [info] Added views:terminal in terminal
2023-09-22 00:14:49.186 [info] Added views:outline in workbench.view.explorer
2023-09-22 00:14:49.186 [info] Added views:workbench.scm in workbench.view.scm
2023-09-22 00:14:49.186 [info] Added views:workbench.view.search in workbench.view.search
2023-09-22 00:14:49.186 [info] Added views:timeline in workbench.view.explorer
2023-09-22 00:14:49.186 [info] Added views:workbench.explorer.fileView in workbench.view.explorer
2023-09-22 00:14:49.310 [info] Added views:workbench.debug.welcome in workbench.view.debug
2023-09-22 00:14:49.958 [info] Added views:workbench.panel.repl.view in workbench.panel.repl
2023-09-22 00:14:50.265 [info] Added views:~remote.forwardedPorts in ~remote.forwardedPortsContainer
2023-09-22 00:14:50.365 [info] Added views:workbench.views.extensions.installed,extensions.recommendedList in workbench.view.extensions
