2023-09-23 15:16:23.767 [info] Log level: Info
2023-09-23 15:16:23.767 [info] Validating found git in: "git"
2023-09-23 15:16:23.801 [info] Using git "2.42.0" from "git"
2023-09-23 15:16:23.824 [info] > git rev-parse --show-toplevel [9ms]
2023-09-23 15:16:23.824 [info] fatal: not a git repository (or any of the parent directories): .git
2023-09-23 15:16:23.833 [info] > git rev-parse --show-toplevel [1ms]
2023-09-23 15:16:23.833 [info] fatal: not a git repository (or any of the parent directories): .git
2023-09-23 15:16:23.846 [info] > git rev-parse --show-toplevel [1ms]
2023-09-23 15:16:23.846 [info] fatal: not a git repository (or any of the parent directories): .git
2023-09-23 15:16:23.851 [info] > git rev-parse --show-toplevel [1ms]
2023-09-23 15:16:23.851 [info] fatal: not a git repository (or any of the parent directories): .git
2023-09-23 15:16:23.856 [info] > git rev-parse --show-toplevel [1ms]
2023-09-23 15:16:23.856 [info] fatal: not a git repository (or any of the parent directories): .git
2023-09-23 15:16:23.881 [info] > git rev-parse --show-toplevel [11ms]
2023-09-23 15:16:23.881 [info] fatal: not a git repository (or any of the parent directories): .git
2023-09-23 15:16:23.895 [info] > git rev-parse --show-toplevel [7ms]
2023-09-23 15:16:23.895 [info] fatal: not a git repository (or any of the parent directories): .git
2023-09-23 15:16:24.190 [info] > git rev-parse --show-toplevel [1ms]
2023-09-23 15:16:24.190 [info] fatal: not a git repository (or any of the parent directories): .git
2023-09-23 15:19:08.002 [info] > git rev-parse --show-toplevel [1ms]
2023-09-23 15:19:08.002 [info] fatal: not a git repository (or any of the parent directories): .git
2023-09-23 15:19:50.818 [info] > git rev-parse --show-toplevel [2ms]
2023-09-23 15:19:50.818 [info] fatal: not a git repository (or any of the parent directories): .git
2023-09-23 15:19:58.156 [info] > git rev-parse --show-toplevel [1ms]
2023-09-23 15:19:58.157 [info] fatal: not a git repository (or any of the parent directories): .git
2023-09-23 15:22:08.063 [info] > git rev-parse --show-toplevel [3ms]
2023-09-23 15:22:08.063 [info] fatal: not a git repository (or any of the parent directories): .git
2023-09-23 15:22:12.522 [info] > git rev-parse --show-toplevel [1ms]
2023-09-23 15:22:12.523 [info] fatal: not a git repository (or any of the parent directories): .git
2023-09-23 15:22:14.834 [info] > git rev-parse --show-toplevel [1ms]
2023-09-23 15:22:14.834 [info] fatal: not a git repository (or any of the parent directories): .git
2023-09-23 15:22:30.764 [info] > git rev-parse --show-toplevel [2ms]
2023-09-23 15:22:30.764 [info] fatal: not a git repository (or any of the parent directories): .git
2023-09-23 15:22:49.392 [info] > git rev-parse --show-toplevel [11ms]
2023-09-23 15:22:49.392 [info] fatal: not a git repository (or any of the parent directories): .git
2023-09-23 15:23:22.272 [info] > git rev-parse --show-toplevel [1ms]
2023-09-23 15:23:22.272 [info] fatal: not a git repository (or any of the parent directories): .git
2023-09-23 15:23:29.575 [info] > git rev-parse --show-toplevel [1ms]
2023-09-23 15:23:29.575 [info] fatal: not a git repository (or any of the parent directories): .git
2023-09-23 15:23:36.704 [info] > git rev-parse --show-toplevel [3ms]
2023-09-23 15:23:36.704 [info] fatal: not a git repository (or any of the parent directories): .git
2023-09-23 15:23:44.976 [info] > git rev-parse --show-toplevel [1ms]
2023-09-23 15:23:44.976 [info] fatal: not a git repository (or any of the parent directories): .git
2023-09-23 15:24:10.653 [info] > git rev-parse --show-toplevel [1ms]
2023-09-23 15:24:10.653 [info] fatal: not a git repository (or any of the parent directories): .git
2023-09-23 15:24:11.577 [info] > git rev-parse --show-toplevel [0ms]
2023-09-23 15:24:11.578 [info] fatal: not a git repository (or any of the parent directories): .git
2023-09-23 15:24:13.175 [info] > git rev-parse --show-toplevel [2ms]
2023-09-23 15:24:13.175 [info] fatal: not a git repository (or any of the parent directories): .git
2023-09-23 15:24:14.216 [info] > git rev-parse --show-toplevel [2ms]
2023-09-23 15:24:14.216 [info] fatal: not a git repository (or any of the parent directories): .git
2023-09-23 15:24:15.288 [info] > git rev-parse --show-toplevel [2ms]
2023-09-23 15:24:15.288 [info] fatal: not a git repository (or any of the parent directories): .git
2023-09-23 15:24:16.133 [info] > git rev-parse --show-toplevel [2ms]
2023-09-23 15:24:16.133 [info] fatal: not a git repository (or any of the parent directories): .git
2023-09-23 15:24:22.412 [info] > git rev-parse --show-toplevel [1ms]
2023-09-23 15:24:22.412 [info] fatal: not a git repository (or any of the parent directories): .git
2023-09-23 15:24:25.331 [info] > git rev-parse --show-toplevel [1ms]
2023-09-23 15:24:25.331 [info] fatal: not a git repository (or any of the parent directories): .git
2023-09-23 15:24:31.024 [info] > git rev-parse --show-toplevel [4ms]
2023-09-23 15:24:31.024 [info] fatal: not a git repository (or any of the parent directories): .git
2023-09-23 15:24:36.287 [info] > git rev-parse --show-toplevel [1ms]
2023-09-23 15:24:36.287 [info] fatal: not a git repository (or any of the parent directories): .git
2023-09-23 15:24:36.740 [info] > git rev-parse --show-toplevel [1ms]
2023-09-23 15:24:36.740 [info] fatal: not a git repository (or any of the parent directories): .git
2023-09-23 15:24:45.515 [info] > git rev-parse --show-toplevel [1ms]
2023-09-23 15:24:45.515 [info] fatal: not a git repository (or any of the parent directories): .git
2023-09-23 15:25:21.985 [info] > git rev-parse --show-toplevel [1ms]
2023-09-23 15:25:21.985 [info] fatal: not a git repository (or any of the parent directories): .git
2023-09-23 15:25:28.772 [info] > git rev-parse --show-toplevel [1ms]
2023-09-23 15:25:28.772 [info] fatal: not a git repository (or any of the parent directories): .git
2023-09-23 15:26:55.971 [info] > git rev-parse --show-toplevel [1ms]
2023-09-23 15:26:55.971 [info] fatal: not a git repository (or any of the parent directories): .git
2023-09-23 15:26:57.373 [info] > git rev-parse --show-toplevel [0ms]
2023-09-23 15:26:57.373 [info] fatal: not a git repository (or any of the parent directories): .git
2023-09-23 15:26:58.222 [info] > git rev-parse --show-toplevel [1ms]
2023-09-23 15:26:58.222 [info] fatal: not a git repository (or any of the parent directories): .git
2023-09-23 15:27:12.732 [info] > git rev-parse --show-toplevel [1ms]
2023-09-23 15:27:12.732 [info] fatal: not a git repository (or any of the parent directories): .git
2023-09-23 15:27:20.806 [info] > git rev-parse --show-toplevel [2ms]
2023-09-23 15:27:20.806 [info] fatal: not a git repository (or any of the parent directories): .git
2023-09-23 15:27:22.366 [info] > git rev-parse --show-toplevel [1ms]
2023-09-23 15:27:22.366 [info] fatal: not a git repository (or any of the parent directories): .git
2023-09-23 15:27:58.420 [info] > git rev-parse --show-toplevel [3ms]
2023-09-23 15:27:58.420 [info] fatal: not a git repository (or any of the parent directories): .git
2023-09-23 15:28:43.407 [info] > git rev-parse --show-toplevel [3ms]
2023-09-23 15:28:43.407 [info] fatal: not a git repository (or any of the parent directories): .git
2023-09-23 15:28:43.943 [info] > git rev-parse --show-toplevel [1ms]
2023-09-23 15:28:43.943 [info] fatal: not a git repository (or any of the parent directories): .git
2023-09-23 15:28:45.704 [info] > git rev-parse --show-toplevel [2ms]
2023-09-23 15:28:45.704 [info] fatal: not a git repository (or any of the parent directories): .git
2023-09-23 15:31:17.584 [info] > git rev-parse --show-toplevel [1ms]
2023-09-23 15:31:17.584 [info] fatal: not a git repository (or any of the parent directories): .git
2023-09-23 15:52:03.040 [info] > git rev-parse --show-toplevel [2ms]
2023-09-23 15:52:03.040 [info] fatal: not a git repository (or any of the parent directories): .git
2023-09-23 15:52:04.454 [info] > git rev-parse --show-toplevel [0ms]
2023-09-23 15:52:04.455 [info] fatal: not a git repository (or any of the parent directories): .git
